0 info it worked if it ends with ok
1 verbose cli [ 'C:\\Program Files\\nodejs\\node.exe',
1 verbose cli   'C:\\Program Files\\nodejs\\node_modules\\npm\\bin\\npm-cli.js',
1 verbose cli   'run',
1 verbose cli   'protractor' ]
2 info using npm@3.10.10
3 info using node@v6.10.0
4 verbose run-script [ 'preprotractor', 'protractor', 'postprotractor' ]
5 info lifecycle angular-phonecat@0.0.0~preprotractor: angular-phonecat@0.0.0
6 verbose lifecycle angular-phonecat@0.0.0~preprotractor: unsafe-perm in lifecycle true
7 verbose lifecycle angular-phonecat@0.0.0~preprotractor: PATH: C:\Users\lenovo\AppData\Roaming\nvm\v6.10.0\node_modules\npm\bin\node-gyp-bin;C:\Users\lenovo\Desktop\gitBash\angular-phonecat\node_modules\.bin;C:\ProgramData\Oracle\Java\javapath;C:\WINDOWS\system32;C:\WINDOWS;C:\WINDOWS\System32\Wbem;C:\WINDOWS\System32\WindowsPowerShell\v1.0\;C:\WINDOWS\system32\config\systemprofile\.dnx\bin;C:\Program Files\Microsoft DNX\Dnvm\;C:\Program Files\Microsoft SQL Server\130\Tools\Binn\;C:\Program Files (x86)\GtkSharp\2.12\bin;C:\Program Files (x86)\Skype\Phone\;C:\Users\lenovo\AppData\Roaming\nvm;C:\Program Files\nodejs;C:\Program Files\Git\cmd;C:\wamp\bin\php\php5.6.15;C:\ProgramData\ComposerSetup\bin;C:\xampp\php;C:\ProgramData\Oracle\Java\javapath;C:\WINDOWS\system32;C:\WINDOWS;C:\WINDOWS\System32\Wbem;C:\WINDOWS\System32\WindowsPowerShell\v1.0\;C:\Users\lenovo\.dnx\bin;C:\Program Files\Microsoft DNX\Dnvm\;C:\Program Files\Microsoft SQL Server\130\Tools\Binn\;C:\Program Files (x86)\GtkSharp\2.12\bin;C:\Program Files (x86)\Skype\Phone\;C:\Users\lenovo\AppData\Roaming\nvm;C:\Program Files\nodejs;C:\Program Files\Git\cmd;C:\Users\lenovo\AppData\Local\Microsoft\WindowsApps;C:\Users\lenovo\AppData\Roaming\npm;C:\Program Files (x86)\Microsoft VS Code\bin;C:\Program Files\Heroku\bin;C:\Users\lenovo\AppData\Local\Microsoft\WindowsApps;C:\Users\lenovo\AppData\Local\atom\bin;C:\Users\lenovo\AppData\Roaming\Composer\vendor\bin
8 verbose lifecycle angular-phonecat@0.0.0~preprotractor: CWD: C:\Users\lenovo\Desktop\gitBash\angular-phonecat
9 silly lifecycle angular-phonecat@0.0.0~preprotractor: Args: [ '/d /s /c', 'npm run update-webdriver' ]
10 silly lifecycle angular-phonecat@0.0.0~preprotractor: Returned: code: 0  signal: null
11 info lifecycle angular-phonecat@0.0.0~protractor: angular-phonecat@0.0.0
12 verbose lifecycle angular-phonecat@0.0.0~protractor: unsafe-perm in lifecycle true
13 verbose lifecycle angular-phonecat@0.0.0~protractor: PATH: C:\Users\lenovo\AppData\Roaming\nvm\v6.10.0\node_modules\npm\bin\node-gyp-bin;C:\Users\lenovo\Desktop\gitBash\angular-phonecat\node_modules\.bin;C:\ProgramData\Oracle\Java\javapath;C:\WINDOWS\system32;C:\WINDOWS;C:\WINDOWS\System32\Wbem;C:\WINDOWS\System32\WindowsPowerShell\v1.0\;C:\WINDOWS\system32\config\systemprofile\.dnx\bin;C:\Program Files\Microsoft DNX\Dnvm\;C:\Program Files\Microsoft SQL Server\130\Tools\Binn\;C:\Program Files (x86)\GtkSharp\2.12\bin;C:\Program Files (x86)\Skype\Phone\;C:\Users\lenovo\AppData\Roaming\nvm;C:\Program Files\nodejs;C:\Program Files\Git\cmd;C:\wamp\bin\php\php5.6.15;C:\ProgramData\ComposerSetup\bin;C:\xampp\php;C:\ProgramData\Oracle\Java\javapath;C:\WINDOWS\system32;C:\WINDOWS;C:\WINDOWS\System32\Wbem;C:\WINDOWS\System32\WindowsPowerShell\v1.0\;C:\Users\lenovo\.dnx\bin;C:\Program Files\Microsoft DNX\Dnvm\;C:\Program Files\Microsoft SQL Server\130\Tools\Binn\;C:\Program Files (x86)\GtkSharp\2.12\bin;C:\Program Files (x86)\Skype\Phone\;C:\Users\lenovo\AppData\Roaming\nvm;C:\Program Files\nodejs;C:\Program Files\Git\cmd;C:\Users\lenovo\AppData\Local\Microsoft\WindowsApps;C:\Users\lenovo\AppData\Roaming\npm;C:\Program Files (x86)\Microsoft VS Code\bin;C:\Program Files\Heroku\bin;C:\Users\lenovo\AppData\Local\Microsoft\WindowsApps;C:\Users\lenovo\AppData\Local\atom\bin;C:\Users\lenovo\AppData\Roaming\Composer\vendor\bin
14 verbose lifecycle angular-phonecat@0.0.0~protractor: CWD: C:\Users\lenovo\Desktop\gitBash\angular-phonecat
15 silly lifecycle angular-phonecat@0.0.0~protractor: Args: [ '/d /s /c', 'protractor e2e-tests/protractor.conf.js' ]
16 silly lifecycle angular-phonecat@0.0.0~protractor: Returned: code: 1  signal: null
17 info lifecycle angular-phonecat@0.0.0~protractor: Failed to exec protractor script
18 verbose stack Error: angular-phonecat@0.0.0 protractor: `protractor e2e-tests/protractor.conf.js`
18 verbose stack Exit status 1
18 verbose stack     at EventEmitter.<anonymous> (C:\Users\lenovo\AppData\Roaming\nvm\v6.10.0\node_modules\npm\lib\utils\lifecycle.js:255:16)
18 verbose stack     at emitTwo (events.js:106:13)
18 verbose stack     at EventEmitter.emit (events.js:191:7)
18 verbose stack     at ChildProcess.<anonymous> (C:\Users\lenovo\AppData\Roaming\nvm\v6.10.0\node_modules\npm\lib\utils\spawn.js:40:14)
18 verbose stack     at emitTwo (events.js:106:13)
18 verbose stack     at ChildProcess.emit (events.js:191:7)
18 verbose stack     at maybeClose (internal/child_process.js:877:16)
18 verbose stack     at Process.ChildProcess._handle.onexit (internal/child_process.js:226:5)
19 verbose pkgid angular-phonecat@0.0.0
20 verbose cwd C:\Users\lenovo\Desktop\gitBash\angular-phonecat
21 error Windows_NT 10.0.15063
22 error argv "C:\\Program Files\\nodejs\\node.exe" "C:\\Program Files\\nodejs\\node_modules\\npm\\bin\\npm-cli.js" "run" "protractor"
23 error node v6.10.0
24 error npm  v3.10.10
25 error code ELIFECYCLE
26 error angular-phonecat@0.0.0 protractor: `protractor e2e-tests/protractor.conf.js`
26 error Exit status 1
27 error Failed at the angular-phonecat@0.0.0 protractor script 'protractor e2e-tests/protractor.conf.js'.
27 error Make sure you have the latest version of node.js and npm installed.
27 error If you do, this is most likely a problem with the angular-phonecat package,
27 error not with npm itself.
27 error Tell the author that this fails on your system:
27 error     protractor e2e-tests/protractor.conf.js
27 error You can get information on how to open an issue for this project with:
27 error     npm bugs angular-phonecat
27 error Or if that isn't available, you can get their info via:
27 error     npm owner ls angular-phonecat
27 error There is likely additional logging output above.
28 verbose exit [ 1, true ]
